<?xml version="1.0" encoding="UTF-8"?>
<!-- Generated by org.testng.reporters.JUnitReportReporter -->
<testsuite hostname="DESKTOP-06RECOG" failures="0" tests="1" name="TestCases.VerifySignUp" time="9.730" errors="0" timestamp="2023-09-23T17:17:27 IST" skipped="0">
  <testcase classname="TestCases.VerifySignUp" name="signup" time="9.730"/>
  <system-out/>
</testsuite> <!-- TestCases.VerifySignUp -->
